生成启动时间为 2017/6/13 14:02:21。
     1>项目“G:\work\Robot-Nebula-SDK\SDK_Nebula\USBHelper_Nebula\USBHelper.vcxproj”在节点 2 上(rebuild 个目标)。
     1>InitializeBuildStatus:
         正在创建“Debug\USBHelper.unsuccessfulbuild”，因为已指定“AlwaysCreate”。
       ClCompile:
         C:\Program Files (x86)\Microsoft Visual Studio 10.0\VC\bin\CL.exe /c /I..\sdk\ /ZI /nologo /W3 /WX- /Od /Oy- /D WIN32 /D _WINDOWS /D _DEBUG /D _UNICODE /D UNICODE /D _AFXDLL /Gm /EHsc /RTC1 /MDd /GS /fp:precise /Zc:wchar_t /Zc:forScope /Yc"StdAfx.h" /Fp"Debug\USBHelper.pch" /Fo"Debug\\" /Fd"Debug\vc100.pdb" /Gd /TP /analyze- /errorReport:prompt stdafx.cpp
         stdafx.cpp
         C:\Program Files (x86)\Microsoft Visual Studio 10.0\VC\bin\CL.exe /c /I..\sdk\ /ZI /nologo /W3 /WX- /Od /Oy- /D WIN32 /D _WINDOWS /D _DEBUG /D _UNICODE /D UNICODE /D _AFXDLL /Gm /EHsc /RTC1 /MDd /GS /fp:precise /Zc:wchar_t /Zc:forScope /Yu"StdAfx.h" /Fp"Debug\USBHelper.pch" /Fo"Debug\\" /Fd"Debug\vc100.pdb" /Gd /TP /analyze- /errorReport:prompt DrawDlg.cpp Functions.cpp RbtEventHandler.cpp SettingDlg.cpp UpdateDlg.cpp USBHelper.cpp USBHelperDlg.cpp WBDlg.cpp
         WBDlg.cpp
     1>g:\work\robot-nebula-sdk\sdk_nebula\usbhelper_nebula\wbdlg.cpp(67): warning C4244: “初始化”: 从“double”转换到“int”，可能丢失数据
     1>g:\work\robot-nebula-sdk\sdk_nebula\usbhelper_nebula\wbdlg.cpp(161): warning C4244: “参数”: 从“int”转换到“Gdiplus::REAL”，可能丢失数据
     1>g:\work\robot-nebula-sdk\sdk_nebula\usbhelper_nebula\wbdlg.cpp(253): warning C4244: “初始化”: 从“double”转换到“int”，可能丢失数据
     1>g:\work\robot-nebula-sdk\sdk_nebula\usbhelper_nebula\wbdlg.cpp(254): warning C4244: “初始化”: 从“double”转换到“int”，可能丢失数据
     1>g:\work\robot-nebula-sdk\sdk_nebula\usbhelper_nebula\wbdlg.cpp(303): warning C4244: “参数”: 从“int”转换到“Gdiplus::REAL”，可能丢失数据
     1>g:\work\robot-nebula-sdk\sdk_nebula\usbhelper_nebula\wbdlg.cpp(496): warning C4244: “=”: 从“double”转换到“int”，可能丢失数据
         USBHelperDlg.cpp
     1>g:\work\robot-nebula-sdk\sdk_nebula\usbhelper_nebula\usbhelperdlg.cpp(631): warning C4018: “<”: 有符号/无符号不匹配
     1>g:\work\robot-nebula-sdk\sdk_nebula\usbhelper_nebula\usbhelperdlg.cpp(646): warning C4018: “<”: 有符号/无符号不匹配
     1>g:\work\robot-nebula-sdk\sdk_nebula\usbhelper_nebula\usbhelperdlg.cpp(806): warning C4018: “<”: 有符号/无符号不匹配
     1>g:\work\robot-nebula-sdk\sdk_nebula\usbhelper_nebula\usbhelperdlg.cpp(904): warning C4018: “<”: 有符号/无符号不匹配
     1>g:\work\robot-nebula-sdk\sdk_nebula\usbhelper_nebula\usbhelperdlg.cpp(1100): warning C4018: “>”: 有符号/无符号不匹配
     1>g:\work\robot-nebula-sdk\sdk_nebula\usbhelper_nebula\usbhelperdlg.cpp(1264): warning C4018: “<”: 有符号/无符号不匹配
     1>g:\work\robot-nebula-sdk\sdk_nebula\usbhelper_nebula\usbhelperdlg.cpp(1410): warning C4018: “<”: 有符号/无符号不匹配
     1>g:\work\robot-nebula-sdk\sdk_nebula\usbhelper_nebula\usbhelperdlg.cpp(1414): warning C4800: “const uint8_t”: 将值强制为布尔值“true”或“false”(性能警告)
     1>g:\work\robot-nebula-sdk\sdk_nebula\usbhelper_nebula\usbhelperdlg.cpp(1649): warning C4996: 'sprintf': This function or variable may be unsafe. Consider using sprintf_s instead. To disable deprecation, use _CRT_SECURE_NO_WARNINGS. See online help for details.
                 c:\program files (x86)\microsoft visual studio 10.0\vc\include\stdio.h(371) : 参见“sprintf”的声明
         USBHelper.cpp
         UpdateDlg.cpp
         SettingDlg.cpp
         RbtEventHandler.cpp
         Functions.cpp
         DrawDlg.cpp
         正在生成代码...
       ResourceCompile:
         C:\Program Files (x86)\Microsoft SDKs\Windows\v7.0A\bin\rc.exe /D _DEBUG /D _UNICODE /D UNICODE /D _AFXDLL /l"0x0804" /IDebug\ /nologo /fo"Debug\USBHelper.res" USBHelper.rc 
       Link:
         C:\Program Files (x86)\Microsoft Visual Studio 10.0\VC\bin\link.exe /ERRORREPORT:PROMPT /OUT:"G:\work\Robot-Nebula-SDK\SDK_Nebula\USBHelper_Nebula\Debug\USBHelper.exe" /INCREMENTAL /NOLOGO /LIBPATH:Lib /MANIFEST /ManifestFile:"Debug\USBHelper.exe.intermediate.manifest" /MANIFESTUAC:"level='asInvoker' uiAccess='false'" /DEBUG /PDB:"G:\work\Robot-Nebula-SDK\SDK_Nebula\USBHelper_Nebula\Debug\USBHelper.pdb" /SUBSYSTEM:WINDOWS /TLBID:1 /ENTRY:"wWinMainCRTStartup" /DYNAMICBASE /NXCOMPAT /IMPLIB:"G:\work\Robot-Nebula-SDK\SDK_Nebula\USBHelper_Nebula\Debug\USBHelper.lib" /MACHINE:X86 Debug\USBHelper.res
         Debug\DrawDlg.obj
         Debug\Functions.obj
         Debug\RbtEventHandler.obj
         Debug\SettingDlg.obj
         Debug\stdafx.obj
         Debug\UpdateDlg.obj
         Debug\USBHelper.obj
         Debug\USBHelperDlg.obj
         Debug\WBDlg.obj
         USBHelper.vcxproj -> G:\work\Robot-Nebula-SDK\SDK_Nebula\USBHelper_Nebula\Debug\USBHelper.exe
       Manifest:
         C:\Program Files (x86)\Microsoft SDKs\Windows\v7.0A\bin\mt.exe /nologo /verbose /out:"G:\work\Robot-Nebula-SDK\SDK_Nebula\USBHelper_Nebula\Debug\USBHelper.exe.manifest" /manifest Debug\USBHelper.exe.intermediate.manifest "C:\Program Files (x86)\Microsoft Visual Studio 10.0\VC\Include\Manifest\dpiaware.manifest"
       FinalizeBuildStatus:
         正在删除文件“Debug\USBHelper.unsuccessfulbuild”。
         正在对“Debug\USBHelper.lastbuildstate”执行 Touch 任务。
     1>已完成生成项目“G:\work\Robot-Nebula-SDK\SDK_Nebula\USBHelper_Nebula\USBHelper.vcxproj”(rebuild 个目标)的操作。

生成成功。

已用时间 00:00:05.31
