生成启动时间为 2017/8/12 18:28:55。
     1>项目“D:\Robot\SDK_Nebula\USBHelper_Nebula\USBHelper.vcxproj”在节点 2 上(build 个目标)。
     1>InitializeBuildStatus:
         正在创建“Release\USBHelper.unsuccessfulbuild”，因为已指定“AlwaysCreate”。
       ClCompile:
         所有输出均为最新。
         所有输出均为最新。
       ResourceCompile:
         所有输出均为最新。
       Link:
         所有输出均为最新。
         USBHelper.vcxproj -> D:\Robot\Robotpen_Nebula\Release\USBHelper.exe
       Manifest:
         所有输出均为最新。
       FinalizeBuildStatus:
         正在删除文件“Release\USBHelper.unsuccessfulbuild”。
         正在对“Release\USBHelper.lastbuildstate”执行 Touch 任务。
     1>已完成生成项目“D:\Robot\SDK_Nebula\USBHelper_Nebula\USBHelper.vcxproj”(build 个目标)的操作。

生成成功。

已用时间 00:00:00.05
